<?xml version="1.0" encoding="UTF-8"?>
<!-- Generated by org.testng.reporters.JUnitXMLReporter -->
<testsuite ignored="0" hostname="Ashraf" failures="1" tests="2" name="WebValidationTest" time="54.95" errors="0" timestamp="2025-08-17T21:09:43 IST">
  <testcase classname="io.cucumber.testng.AbstractTestNGCucumberTests" name="runScenario" time="35.323">
    <failure type="java.lang.NullPointerException" message="Cannot invoke &amp;quot;org.openqa.selenium.WebDriver.get(String)&amp;quot; because &amp;quot;this.driver&amp;quot; is null">
      <![CDATA[java.lang.NullPointerException: Cannot invoke "org.openqa.selenium.WebDriver.get(String)" because "this.driver" is null
at stepDefinitions.WebValidationSteps.i_navigate_to(WebValidationSteps.java:25)
at ✽.I navigate to "https://the-internet.herokuapp.com/javascript_alerts"(file:///C:/Users/DELL/Desktop/VS_Java_Sel_Pro1/src/test/resources/features/web_validations.feature:11)
]]>
    </failure>
  </testcase> <!-- runScenario -->
  <testcase classname="io.cucumber.testng.AbstractTestNGCucumberTests" name="runScenario" time="9.503"/>
</testsuite> <!-- WebValidationTest -->
