<?xml version="1.0" encoding="UTF-8"?>
<testsuite xmlns:xsi="http://www.w3.org/2001/XMLSchema-instance" xsi:noNamespaceSchemaLocation="https://maven.apache.org/surefire/maven-surefire-plugin/xsd/surefire-test-report-3.0.xsd" version="3.0" name="TestSuite" time="65.008" tests="4" errors="0" skipped="0" failures="1">
  <properties>
[...]
</properties>
  <testcase name="runScenario[&quot;Validate Confirm Alert&quot;, &quot;Web Element Validations&quot;](1)" classname="runners.TestRunner" time="12.823">
    <failure message="Cannot invoke &quot;org.openqa.selenium.WebDriver.get(String)&quot; because &quot;this.driver&quot; is null" type="java.lang.NullPointerException"><![CDATA[java.lang.NullPointerException: Cannot invoke "org.openqa.selenium.WebDriver.get(String)" because "this.driver" is null
	at stepDefinitions.WebValidationSteps.i_navigate_to(WebValidationSteps.java:25)
	at ✽.I navigate to "https://the-internet.herokuapp.com/javascript_alerts"(file:///C:/Users/DELL/Desktop/VS_Java_Sel_Pro1/src/test/resources/features/web_validations.feature:19)
]]></failure>
    <system-out><![CDATA[
@alert @smoke
Scenario: Validate Confirm Alert                                             # src/test/resources/features/web_validations.feature:18
  Given I initialize the browser "chrome"                                    # stepDefinitions.WebValidationSteps.i_initialize_the_browser(java.lang.String)
  Given I navigate to "https://the-internet.herokuapp.com/javascript_alerts" # stepDefinitions.WebValidationSteps.i_navigate_to(java.lang.String)
      java.lang.NullPointerException: Cannot invoke "org.openqa.selenium.WebDriver.get(String)" because "this.driver" is null
	at stepDefinitions.WebValidationSteps.i_navigate_to(WebValidationSteps.java:25)
	at ✽.I navigate to "https://the-internet.herokuapp.com/javascript_alerts"(file:///C:/Users/DELL/Desktop/VS_Java_Sel_Pro1/src/test/resources/features/web_validations.feature:19)

  When I click on "JS Confirm" button                                        # stepDefinitions.WebValidationSteps.i_click_on_button(java.lang.String)
  Then I should see alert with text "I am a JS Confirm"                      # stepDefinitions.WebValidationSteps.i_should_see_alert_with_text(java.lang.String)
  When I dismiss the alert                                                   # stepDefinitions.WebValidationSteps.i_dismiss_the_alert()
  Then I should see result text "You clicked: Cancel"                        # stepDefinitions.WebValidationSteps.i_should_see_result_text(java.lang.String)
]]></system-out>
    <system-err><![CDATA[SLF4J: No SLF4J providers were found.
SLF4J: Defaulting to no-operation (NOP) logger implementation
SLF4J: See https://www.slf4j.org/codes.html#noProviders for further details.
Aug 15, 2025 9:48:12 PM org.openqa.selenium.devtools.CdpVersionFinder findNearestMatch
WARNING: Unable to find CDP implementation matching 139
Aug 15, 2025 9:48:12 PM org.openqa.selenium.chromium.ChromiumDriver lambda$new$5
WARNING: Unable to find version of CDP to use for 139.0.7258.128. You may need to include a dependency on a specific version of the CDP using something similar to `org.seleniumhq.selenium:selenium-devtools-v86:4.15.0` where the version ("v86") matches the version of the chromium-based browser you're using and the version number of the artifact is the same as Selenium's.
]]></system-err>
  </testcase>
  <testcase name="runScenario[&quot;Validate Wait Functionality&quot;, &quot;Web Element Validations&quot;](2)" classname="runners.TestRunner" time="16.814">
    <system-out><![CDATA[
@wait @smoke
Scenario: Validate Wait Functionality                                        # src/test/resources/features/web_validations.feature:34
  Given I initialize the browser "chrome"                                    # stepDefinitions.WebValidationSteps.i_initialize_the_browser(java.lang.String)
  Given I navigate to "https://the-internet.herokuapp.com/dynamic_loading/1" # stepDefinitions.WebValidationSteps.i_navigate_to(java.lang.String)
  When I click on start button                                               # stepDefinitions.WebValidationSteps.i_click_on_start_button()
  Then I should wait for loading to complete                                 # stepDefinitions.WebValidationSteps.i_should_wait_for_loading_to_complete()
  And I should see text "Hello World!"                                       # stepDefinitions.WebValidationSteps.i_should_see_text(java.lang.String)
]]></system-out>
    <system-err><![CDATA[Aug 15, 2025 9:48:18 PM org.openqa.selenium.devtools.CdpVersionFinder findNearestMatch
WARNING: Unable to find CDP implementation matching 139
Aug 15, 2025 9:48:18 PM org.openqa.selenium.chromium.ChromiumDriver lambda$new$5
WARNING: Unable to find version of CDP to use for 139.0.7258.128. You may need to include a dependency on a specific version of the CDP using something similar to `org.seleniumhq.selenium:selenium-devtools-v86:4.15.0` where the version ("v86") matches the version of the chromium-based browser you're using and the version number of the artifact is the same as Selenium's.
]]></system-err>
  </testcase>
  <testcase name="runScenario[&quot;Validate Frame Handling&quot;, &quot;Web Element Validations&quot;](3)" classname="runners.TestRunner" time="11.614">
    <system-out><![CDATA[
@frame @smoke
Scenario: Validate Frame Handling                                        # src/test/resources/features/web_validations.feature:41
  Given I initialize the browser "chrome"                                # stepDefinitions.WebValidationSteps.i_initialize_the_browser(java.lang.String)
  Given I navigate to "https://the-internet.herokuapp.com/nested_frames" # stepDefinitions.WebValidationSteps.i_navigate_to(java.lang.String)
  When I switch to frame "frame-top"                                     # stepDefinitions.WebValidationSteps.i_switch_to_frame(java.lang.String)
  And I switch to frame "frame-left"                                     # stepDefinitions.WebValidationSteps.i_switch_to_frame(java.lang.String)
  Then I should see text "LEFT"                                          # stepDefinitions.WebValidationSteps.i_should_see_text(java.lang.String)
  When I switch to parent frame                                          # stepDefinitions.WebValidationSteps.i_switch_to_parent_frame()
  And I switch to frame "frame-right"                                    # stepDefinitions.WebValidationSteps.i_switch_to_frame(java.lang.String)
  Then I should see text "RIGHT"                                         # stepDefinitions.WebValidationSteps.i_should_see_text(java.lang.String)
]]></system-out>
    <system-err><![CDATA[Aug 15, 2025 9:48:37 PM org.openqa.selenium.devtools.CdpVersionFinder findNearestMatch
WARNING: Unable to find CDP implementation matching 139
Aug 15, 2025 9:48:37 PM org.openqa.selenium.chromium.ChromiumDriver lambda$new$5
WARNING: Unable to find version of CDP to use for 139.0.7258.128. You may need to include a dependency on a specific version of the CDP using something similar to `org.seleniumhq.selenium:selenium-devtools-v86:4.15.0` where the version ("v86") matches the version of the chromium-based browser you're using and the version number of the artifact is the same as Selenium's.
]]></system-err>
  </testcase>
  <testcase name="runScenario[&quot;Validate Multiple Windows&quot;, &quot;Web Element Validations&quot;](4)" classname="runners.TestRunner" time="15.766">
    <system-out><![CDATA[
@window @smoke
Scenario: Validate Multiple Windows                                # src/test/resources/features/web_validations.feature:51
  Given I initialize the browser "chrome"                          # stepDefinitions.WebValidationSteps.i_initialize_the_browser(java.lang.String)
  Given I navigate to "https://the-internet.herokuapp.com/windows" # stepDefinitions.WebValidationSteps.i_navigate_to(java.lang.String)
  When I click on "Click Here" link                                # stepDefinitions.WebValidationSteps.i_click_on_link(java.lang.String)
  Then I should have 2 windows open                                # stepDefinitions.WebValidationSteps.i_should_have_windows_open(int)
  When I switch to new window                                      # stepDefinitions.WebValidationSteps.i_switch_to_new_window()
  Then I should see page title "New Window"                        # stepDefinitions.WebValidationSteps.i_should_see_page_title(java.lang.String)
  When I close current window                                      # stepDefinitions.WebValidationSteps.i_close_current_window()
  And I switch back to main window                                 # stepDefinitions.WebValidationSteps.i_switch_back_to_main_window()
  Then I should see page title "The Internet"                      # stepDefinitions.WebValidationSteps.i_should_see_page_title(java.lang.String)
]]></system-out>
    <system-err><![CDATA[Aug 15, 2025 9:48:49 PM org.openqa.selenium.devtools.CdpVersionFinder findNearestMatch
WARNING: Unable to find CDP implementation matching 139
Aug 15, 2025 9:48:49 PM org.openqa.selenium.chromium.ChromiumDriver lambda$new$5
WARNING: Unable to find version of CDP to use for 139.0.7258.128. You may need to include a dependency on a specific version of the CDP using something similar to `org.seleniumhq.selenium:selenium-devtools-v86:4.15.0` where the version ("v86") matches the version of the chromium-based browser you're using and the version number of the artifact is the same as Selenium's.
]]></system-err>
  </testcase>
</testsuite>