<?xml version="1.0" encoding="UTF-8"?>
<!-- Generated by org.testng.reporters.JUnitReportReporter -->
<testsuite hostname="Ashraf" failures="0" tests="4" name="runners.TestRunner" time="74.007" errors="1" timestamp="2025-08-16T22:45:19 IST" skipped="0">
  <testcase classname="runners.TestRunner" name="runScenario" time="18.883"/>
  <testcase classname="runners.TestRunner" name="runScenario" time="13.149"/>
  <testcase classname="runners.TestRunner" name="runScenario" time="22.147">
    <error message="Cannot invoke &quot;org.openqa.selenium.WebDriver.get(String)&quot; because &quot;this.driver&quot; is null" type="java.lang.NullPointerException">
      <![CDATA[java.lang.NullPointerException: Cannot invoke "org.openqa.selenium.WebDriver.get(String)" because "this.driver" is null
at stepDefinitions.WebValidationSteps.i_navigate_to(WebValidationSteps.java:25)
at ✽.I navigate to "https://the-internet.herokuapp.com/javascript_alerts"(file:///C:/Users/DELL/Desktop/VS_Java_Sel_Pro1/src/test/resources/features/web_validations.feature:19)
]]>
    </error>
  </testcase> <!-- runScenario -->
  <testcase classname="runners.TestRunner" name="runScenario" time="19.828"/>
</testsuite> <!-- runners.TestRunner -->
