<?xml version="1.0" encoding="UTF-8"?>
<!-- Generated by org.testng.reporters.JUnitReportReporter -->
<testsuite hostname="Ashraf" failures="0" tests="4" name="runners.TestRunner" time="57.111" errors="1" timestamp="2025-08-15T21:48:59 IST" skipped="0">
  <testcase classname="runners.TestRunner" name="runScenario" time="11.632"/>
  <testcase classname="runners.TestRunner" name="runScenario" time="15.873"/>
  <testcase classname="runners.TestRunner" name="runScenario" time="12.312">
    <error message="Cannot invoke &quot;org.openqa.selenium.WebDriver.get(String)&quot; because &quot;this.driver&quot; is null" type="java.lang.NullPointerException">
      <![CDATA[java.lang.NullPointerException: Cannot invoke "org.openqa.selenium.WebDriver.get(String)" because "this.driver" is null
at stepDefinitions.WebValidationSteps.i_navigate_to(WebValidationSteps.java:25)
at ✽.I navigate to "https://the-internet.herokuapp.com/javascript_alerts"(file:///C:/Users/DELL/Desktop/VS_Java_Sel_Pro1/src/test/resources/features/web_validations.feature:19)
]]>
    </error>
  </testcase> <!-- runScenario -->
  <testcase classname="runners.TestRunner" name="runScenario" time="17.294"/>
</testsuite> <!-- runners.TestRunner -->
